<?xml version="1.0" encoding="utf-8"?><testsuites name="pytest tests"><testsuite name="pytest" errors="0" failures="0" skipped="0" tests="17" time="0.064" timestamp="2026-09-08T13:04:13.969308+05:30" hostname="c889f3ba1cb8"><testcase classname="tests.test_cqrs" name="test_command_appends_event" time="0.001" /><testcase classname="tests.test_cqrs" name="test_projection_rebuilds_state_from_events" time="0.001" /><testcase classname="tests.test_cqrs" name="test_read_reflects_writes" time="0.001" /><testcase classname="tests.test_cqrs" name="test_write_path_and_read_path_are_separate_streams" time="0.001" /><testcase classname="tests.test_cqrs" name="test_withdraw_beyond_balance_is_rejected_and_appends_no_event" time="0.000" /><testcase classname="tests.test_cqrs" name="test_invalid_command_is_rejected" time="0.000" /><testcase classname="tests.test_durable_cqrs" name="test_events_survive_a_simulated_restart" time="0.005" /><testcase classname="tests.test_durable_cqrs" name="test_projection_read_model_survives_restart" time="0.008" /><testcase classname="tests.test_durable_cqrs" name="test_duplicate_delivery_does_not_double_count" time="0.001" /><testcase classname="tests.test_durable_cqrs" name="test_replay_from_zero_is_idempotent" time="0.001" /><testcase classname="tests.test_durable_cqrs" name="test_crash_between_apply_and_offset_commit_is_safe" time="0.001" /><testcase classname="tests.test_durable_cqrs" name="test_per_stream_seq_is_monotonic_and_one_based" time="0.001" /><testcase classname="tests.test_durable_cqrs" name="test_streams_have_independent_sequences" time="0.001" /><testcase classname="tests.test_durable_cqrs" name="test_global_log_id_gives_total_order" time="0.001" /><testcase classname="tests.test_durable_cqrs" name="test_read_all_after_id_pages_forward" time="0.001" /><testcase classname="tests.test_durable_cqrs" name="test_command_handler_works_against_durable_store" time="0.001" /><testcase classname="tests.test_durable_cqrs" name="test_duplicate_event_id_append_is_rejected" time="0.001" /></testsuite></testsuites>