<?xml version="1.0" encoding="utf-8"?><testsuites name="pytest tests"><testsuite name="pytest" errors="0" failures="0" skipped="0" tests="105" time="4.753" timestamp="2026-09-08T13:04:14.644658+05:30" hostname="c889f3ba1cb8"><properties>
[...]
</properties><testcase classname="tests.architecture.test_dependency_boundaries" name="test_production_packages_are_importable[cloudscale]" time="0.001" /><testcase classname="tests.architecture.test_dependency_boundaries" name="test_production_packages_are_importable[cloudscale.domain]" time="0.001" /><testcase classname="tests.architecture.test_dependency_boundaries" name="test_production_packages_are_importable[cloudscale.application]" time="0.001" /><testcase classname="tests.architecture.test_dependency_boundaries" name="test_production_packages_are_importable[cloudscale.application.ports]" time="0.001" /><testcase classname="tests.architecture.test_dependency_boundaries" name="test_production_packages_are_importable[cloudscale.adapters]" time="0.000" /><testcase classname="tests.architecture.test_dependency_boundaries" name="test_production_packages_are_importable[cloudscale.config]" time="0.001" /><testcase classname="tests.architecture.test_dependency_boundaries" name="test_production_packages_are_importable[cloudscale.processes]" time="0.001" /><testcase classname="tests.architecture.test_dependency_boundaries" name="test_domain_has_no_outward_or_framework_imports" time="0.009" /><testcase classname="tests.architecture.test_dependency_boundaries" name="test_application_has_no_concrete_adapter_imports" time="0.004" /><testcase classname="tests.architecture.test_dependency_boundaries" name="test_cqrs_compatibility_exports_remain_stable" time="0.002" /><testcase classname="tests.unit.domain.test_account" name="test_commands_and_events_are_immutable_values" time="0.001" /><testcase classname="tests.unit.domain.test_account" name="test_valid_commands_preserve_exact_values_and_bigint_boundaries" time="0.000" /><testcase classname="tests.unit.domain.test_account" name="test_commands_reject_invalid_account_ids[]" time="0.001" /><testcase classname="tests.unit.domain.test_account" name="test_commands_reject_invalid_account_ids[None]" time="0.001" /><testcase classname="tests.unit.domain.test_account" name="test_commands_reject_invalid_account_ids[123]" time="0.001" /><testcase classname="tests.unit.domain.test_account" name="test_commands_reject_invalid_account_ids[False]" time="0.000" /><testcase classname="tests.unit.domain.test_account" name="test_commands_reject_non_positive_or_non_integer_amounts[True]" time="0.000" /><testcase classname="tests.unit.domain.test_account" name="test_commands_reject_non_positive_or_non_integer_amounts[False]" time="0.001" /><testcase classname="tests.unit.domain.test_account" name="test_commands_reject_non_positive_or_non_integer_amounts[0]" time="0.001" /><testcase classname="tests.unit.domain.test_account" name="test_commands_reject_non_positive_or_non_integer_amounts[-1]" time="0.001" /><testcase classname="tests.unit.domain.test_account" name="test_commands_reject_non_positive_or_non_integer_amounts[1.5]" time="0.002" /><testcase classname="tests.unit.domain.test_account" name="test_commands_reject_non_positive_or_non_integer_amounts[1]" time="0.001" /><testcase classname="tests.unit.domain.test_account" name="test_commands_reject_non_positive_or_non_integer_amounts[None]" time="0.001" /><testcase classname="tests.unit.domain.test_account" name="test_commands_reject_amount_above_signed_bigint" time="0.001" /><testcase classname="tests.unit.domain.test_account" name="test_commands_reject_invalid_expected_versions[True]" time="0.001" /><testcase classname="tests.unit.domain.test_account" name="test_commands_reject_invalid_expected_versions[False]" time="0.001" /><testcase classname="tests.unit.domain.test_account" name="test_commands_reject_invalid_expected_versions[-1]" time="0.001" /><testcase classname="tests.unit.domain.test_account" name="test_commands_reject_invalid_expected_versions[1.5]" time="0.001" /><testcase classname="tests.unit.domain.test_account" name="test_commands_reject_invalid_expected_versions[0]" time="0.001" /><testcase classname="tests.unit.domain.test_account" name="test_commands_reject_invalid_expected_versions[None]" time="0.001" /><testcase classname="tests.unit.domain.test_account" name="test_commands_reject_expected_version_above_signed_bigint" time="0.001" /><testcase classname="tests.unit.domain.test_account" name="test_empty_fold_represents_an_unknown_account_at_zero_zero" time="0.001" /><testcase classname="tests.unit.domain.test_account" name="test_unknown_account_cannot_have_nonzero_state" time="0.002" /><testcase classname="tests.unit.domain.test_account" name="test_deposit_decision_is_separate_from_projection_application" time="0.002" /><testcase classname="tests.unit.domain.test_account" name="test_withdrawal_at_current_balance_is_accepted" time="0.001" /><testcase classname="tests.unit.domain.test_account" name="test_overdraft_is_rejected_without_mutating_state" time="0.001" /><testcase classname="tests.unit.domain.test_account" name="test_account_identity_is_case_and_whitespace_sensitive" time="0.001" /><testcase classname="tests.unit.domain.test_account" name="test_deposit_decision_and_apply_reject_balance_overflow" time="0.002" /><testcase classname="tests.unit.domain.test_account" name="test_decision_and_apply_reject_version_overflow" time="0.001" /><testcase classname="tests.unit.domain.test_account" name="test_fold_derives_balance_version_and_exact_identity" time="0.001" /><testcase classname="tests.unit.domain.test_account" name="test_fold_can_continue_from_an_existing_state" time="0.001" /><testcase classname="tests.unit.domain.test_account" name="test_unknown_command_and_event_types_have_typed_errors" time="0.001" /><testcase classname="tests.unit.domain.test_envelopes_and_results" name="test_typed_event_round_trip_preserves_every_protected_field" time="0.002" /><testcase classname="tests.unit.domain.test_envelopes_and_results" name="test_withdrawn_event_uses_the_existing_task_1_3_domain_type" time="0.001" /><testcase classname="tests.unit.domain.test_envelopes_and_results" name="test_envelope_and_nested_payload_are_immutable" time="0.001" /><testcase classname="tests.unit.domain.test_envelopes_and_results" name="test_envelope_serialization_is_canonical_utf8_json" time="0.002" /><testcase classname="tests.unit.domain.test_envelopes_and_results" name="test_envelope_rejects_naive_or_non_utc_timestamps[occurred_at0]" time="0.002" /><testcase classname="tests.unit.domain.test_envelopes_and_results" name="test_envelope_rejects_naive_or_non_utc_timestamps[occurred_at1]" time="0.001" /><testcase classname="tests.unit.domain.test_envelopes_and_results" name="test_envelope_rejects_missing_or_non_positive_integer_schema_versions[None]" time="0.001" /><testcase classname="tests.unit.domain.test_envelopes_and_results" name="test_envelope_rejects_missing_or_non_positive_integer_schema_versions[True]" time="0.001" /><testcase classname="tests.unit.domain.test_envelopes_and_results" name="test_envelope_rejects_missing_or_non_positive_integer_schema_versions[False]" time="0.001" /><testcase classname="tests.unit.domain.test_envelopes_and_results" name="test_envelope_rejects_missing_or_non_positive_integer_schema_versions[0]" time="0.002" /><testcase classname="tests.unit.domain.test_envelopes_and_results" name="test_envelope_rejects_missing_or_non_positive_integer_schema_versions[-1]" time="0.001" /><testcase classname="tests.unit.domain.test_envelopes_and_results" name="test_envelope_rejects_missing_or_non_positive_integer_schema_versions[1.5]" time="0.001" /><testcase classname="tests.unit.domain.test_envelopes_and_results" name="test_envelope_rejects_missing_or_non_positive_integer_schema_versions[1]" time="0.001" /><testcase classname="tests.unit.domain.test_envelopes_and_results" name="test_envelope_rejects_payload_identity_or_type_mismatch" time="0.001" /><testcase classname="tests.unit.domain.test_envelopes_and_results" name="test_accepted_result_round_trip_preserves_http_and_identity_metadata" time="0.001" /><testcase classname="tests.unit.domain.test_envelopes_and_results" name="test_rejected_results_round_trip_with_persisted_error_metadata[version_conflict-version_conflict-409-3]" time="0.001" /><testcase classname="tests.unit.domain.test_envelopes_and_results" name="test_rejected_results_round_trip_with_persisted_error_metadata[insufficient_funds-insufficient_funds-422-1]" time="0.001" /><testcase classname="tests.unit.domain.test_envelopes_and_results" name="test_rejected_results_round_trip_with_persisted_error_metadata[domain_rejected-invalid_amount-400-0]" time="0.001" /><testcase classname="tests.unit.domain.test_envelopes_and_results" name="test_command_result_is_immutable_and_serializes_deterministically" time="0.001" /><testcase classname="tests.unit.domain.test_envelopes_and_results" name="test_command_result_rejects_invalid_persisted_values[overrides0]" time="0.001" /><testcase classname="tests.unit.domain.test_envelopes_and_results" name="test_command_result_rejects_invalid_persisted_values[overrides1]" time="0.001" /><testcase classname="tests.unit.domain.test_envelopes_and_results" name="test_command_result_rejects_invalid_persisted_values[overrides2]" time="0.001" /><testcase classname="tests.unit.domain.test_envelopes_and_results" name="test_command_result_rejects_invalid_persisted_values[overrides3]" time="0.002" /><testcase classname="tests.unit.domain.test_envelopes_and_results" name="test_command_result_rejects_invalid_persisted_values[overrides4]" time="0.001" /><testcase classname="tests.unit.domain.test_envelopes_and_results" name="test_command_result_rejects_invalid_persisted_values[overrides5]" time="0.001" /><testcase classname="tests.unit.domain.test_envelopes_and_results" name="test_accepted_and_rejected_result_invariants_are_enforced" time="0.001" /><testcase classname="tests.unit.domain.test_envelopes_and_results" name="test_result_json_rejects_invalid_hash_and_non_utc_timestamp" time="0.001" /><testcase classname="tests.unit.application.test_command_service" name="test_normalization_is_canonical_utf8_json_and_sha256" time="0.001" /><testcase classname="tests.unit.application.test_command_service" name="test_equivalent_retry_returns_original_result_without_duplicate_append" time="0.000" /><testcase classname="tests.unit.application.test_command_service" name="test_command_identity_is_scoped_by_exact_issuer_and_subject[other-issuer-subject]" time="0.001" /><testcase classname="tests.unit.application.test_command_service" name="test_command_identity_is_scoped_by_exact_issuer_and_subject[issuer-other-subject]" time="0.001" /><testcase classname="tests.unit.application.test_command_service" name="test_different_payload_with_same_command_id_conflicts_without_append" time="0.001" /><testcase classname="tests.unit.application.test_command_service" name="test_version_conflict_persists_original_current_version" time="0.001" /><testcase classname="tests.unit.application.test_command_service" name="test_insufficient_funds_rejection_is_persisted_without_event" time="0.001" /><testcase classname="tests.unit.application.test_command_service" name="test_correlation_identity_is_generated_once_or_preserved" time="0.001" /><testcase classname="tests.unit.application.test_command_service" name="test_command_path_never_reads_or_updates_projection" time="0.001" /><testcase classname="tests.unit.application.test_query_service" name="test_unknown_projection_falls_back_to_exact_account_at_zero_zero" time="0.001" /><testcase classname="tests.unit.application.test_query_service" name="test_existing_projection_is_returned_unchanged" time="0.000" /><testcase classname="tests.properties.test_property_01_valid_commands" name="test_accepted_deposit_produces_exactly_one_matching_event" time="0.077" /><testcase classname="tests.properties.test_property_01_valid_commands" name="test_affordable_withdrawal_produces_exactly_one_matching_event" time="0.047" /><testcase classname="tests.properties.test_property_02_invalid_commands" name="test_invalid_or_unaffordable_commands_do_not_mutate_stream" time="0.123" /><testcase classname="tests.properties.test_property_03_optimistic_append" name="test_optimistic_appends_are_contiguous_and_single_winner" time="0.268" /><testcase classname="tests.properties.test_property_04_concurrent_no_overdraft" name="test_concurrent_command_histories_cannot_overdraw_account" time="0.304" /><testcase classname="tests.properties.test_property_05_envelope_stability" name="test_event_envelopes_are_complete_and_stable" time="0.143" /><testcase classname="tests.properties.test_property_06_command_idempotency" name="test_equivalent_retries_return_persisted_result_without_another_event" time="0.194" /><testcase classname="tests.properties.test_property_06_command_idempotency" name="test_differing_payloads_conflict_deterministically_without_mutation" time="0.152" /><testcase classname="tests.properties.test_property_07_correlation_identity" name="test_supplied_valid_correlation_id_is_preserved" time="0.086" /><testcase classname="tests.properties.test_property_07_correlation_identity" name="test_omitted_correlation_id_is_generated_once_and_shared" time="0.041" /><testcase classname="tests.properties.test_property_08_schema_versions" name="test_schema_versions_are_accepted_only_within_positive_bigint_range" time="0.074" /><testcase classname="tests.properties.test_property_21_sqlite_compatibility" name="test_sqlite_compatibility_is_replayable_and_idempotent" time="2.251" /><testcase classname="tests.compat.test_legacy_api" name="test_legacy_events_round_trip_through_typed_domain_values" time="0.002" /><testcase classname="tests.compat.test_legacy_api" name="test_cqrs_exports_and_legacy_signatures_remain_stable" time="0.002" /><testcase classname="tests.compat.test_legacy_api" name="test_sqlite_adapters_expose_non_production_metadata" time="0.001" /><testcase classname="tests.compat.test_legacy_api" name="test_sqlite_adapters_preserve_feed_dedupe_and_checkpoint_semantics" time="0.002" /><testcase classname="tests.failure.test_harness_selftest" name="test_named_barrier_releases_only_after_every_declared_participant" time="0.057" /><testcase classname="tests.failure.test_harness_selftest" name="test_concurrent_runner_returns_declared_order_with_worker_timing" time="0.057" /><testcase classname="tests.failure.test_harness_selftest" name="test_real_child_kill_restart_failpoint_and_evidence_capture" time="0.533" /><testcase classname="tests.failure.test_harness_selftest" name="test_process_wait_timeout_forcibly_cleans_up_child" time="0.059" /><testcase classname="tests.failure.test_harness_selftest" name="test_dependency_outage_context_confirms_transition_and_restores" time="0.001" /><testcase classname="tests.milestones.test_milestone_1" name="test_milestone_1_preserves_the_exact_legacy_suite" time="0.001" /><testcase classname="tests.milestones.test_milestone_1" name="test_milestone_1_composes_every_required_local_check_category" time="0.001" /><testcase classname="tests.milestones.test_milestone_1" name="test_milestone_1_includes_all_approved_property_tests" time="0.001" /><testcase classname="tests.milestones.test_milestone_1" name="test_milestone_1_scope_is_local_and_claim_safe" time="0.001" /></testsuite></testsuites>